Performing C SOURCE FILE Test CMAKE_HAVE_LIBC_PTHREAD failed with the following output:
Change Dir: /root/Downloads/cutefish/kwin-plugins/obj-x86_64-linux-gnu/CMakeFiles/CMakeTmp

Run Build Command(s):/usr/bin/gmake cmTC_13588/fast && gmake[2]: Entering directory '/root/Downloads/cutefish/kwin-plugins/obj-x86_64-linux-gnu/CMakeFiles/CMakeTmp'
/usr/bin/gmake  -f CMakeFiles/cmTC_13588.dir/build.make CMakeFiles/cmTC_13588.dir/build
gmake[3]: Entering directory '/root/Downloads/cutefish/kwin-plugins/obj-x86_64-linux-gnu/CMakeFiles/CMakeTmp'
Building C object CMakeFiles/cmTC_13588.dir/src.c.o
/usr/bin/cc   -g -O2 -ffile-prefix-map=/root/Downloads/cutefish/kwin-plugins=. -flto=auto -ffat-lto-objects -fstack-protector-strong -Wformat -Werror=format-security -Wdate-time -D_FORTIFY_SOURCE=2 -DCMAKE_HAVE_LIBC_PTHREAD -o CMakeFiles/cmTC_13588.dir/src.c.o -c /root/Downloads/cutefish/kwin-plugins/obj-x86_64-linux-gnu/CMakeFiles/CMakeTmp/src.c
Linking C executable cmTC_13588
/usr/bin/cmake -E cmake_link_script CMakeFiles/cmTC_13588.dir/link.txt --verbose=1
/usr/bin/cc -g -O2 -ffile-prefix-map=/root/Downloads/cutefish/kwin-plugins=. -flto=auto -ffat-lto-objects -fstack-protector-strong -Wformat -Werror=format-security -Wdate-time -D_FORTIFY_SOURCE=2 -DCMAKE_HAVE_LIBC_PTHREAD -Wl,-Bsymbolic-functions -flto=auto -Wl,-z,relro  CMakeFiles/cmTC_13588.dir/src.c.o -o cmTC_13588 
/usr/bin/ld: /tmp/cmTC_13588.0GZqL8.ltrans0.ltrans.o: in function `main':
./obj-x86_64-linux-gnu/CMakeFiles/CMakeTmp/./obj-x86_64-linux-gnu/CMakeFiles/CMakeTmp/src.c:11: undefined reference to `pthread_create'
/usr/bin/ld: ./obj-x86_64-linux-gnu/CMakeFiles/CMakeTmp/./obj-x86_64-linux-gnu/CMakeFiles/CMakeTmp/src.c:12: undefined reference to `pthread_detach'
/usr/bin/ld: ./obj-x86_64-linux-gnu/CMakeFiles/CMakeTmp/./obj-x86_64-linux-gnu/CMakeFiles/CMakeTmp/src.c:13: undefined reference to `pthread_cancel'
/usr/bin/ld: ./obj-x86_64-linux-gnu/CMakeFiles/CMakeTmp/./obj-x86_64-linux-gnu/CMakeFiles/CMakeTmp/src.c:14: undefined reference to `pthread_join'
collect2: error: ld returned 1 exit status
gmake[3]: *** [CMakeFiles/cmTC_13588.dir/build.make:106: cmTC_13588] Error 1
gmake[3]: Leaving directory '/root/Downloads/cutefish/kwin-plugins/obj-x86_64-linux-gnu/CMakeFiles/CMakeTmp'
gmake[2]: *** [Makefile:140: cmTC_13588/fast] Error 2
gmake[2]: Leaving directory '/root/Downloads/cutefish/kwin-plugins/obj-x86_64-linux-gnu/CMakeFiles/CMakeTmp'


Source file was:
#include <pthread.h>

void* test_func(void* data)
{
  return data;
}

int main(void)
{
  pthread_t thread;
  pthread_create(&thread, NULL, test_func, NULL);
  pthread_detach(thread);
  pthread_cancel(thread);
  pthread_join(thread, NULL);
  pthread_atfork(NULL, NULL, NULL);
  pthread_exit(NULL);

  return 0;
}

Determining if the function pthread_create exists in the pthreads failed with the following output:
Change Dir: /root/Downloads/cutefish/kwin-plugins/obj-x86_64-linux-gnu/CMakeFiles/CMakeTmp

Run Build Command(s):/usr/bin/gmake cmTC_2c589/fast && gmake[2]: Entering directory '/root/Downloads/cutefish/kwin-plugins/obj-x86_64-linux-gnu/CMakeFiles/CMakeTmp'
/usr/bin/gmake  -f CMakeFiles/cmTC_2c589.dir/build.make CMakeFiles/cmTC_2c589.dir/build
gmake[3]: Entering directory '/root/Downloads/cutefish/kwin-plugins/obj-x86_64-linux-gnu/CMakeFiles/CMakeTmp'
Building C object CMakeFiles/cmTC_2c589.dir/CheckFunctionExists.c.o
/usr/bin/cc   -g -O2 -ffile-prefix-map=/root/Downloads/cutefish/kwin-plugins=. -flto=auto -ffat-lto-objects -fstack-protector-strong -Wformat -Werror=format-security -Wdate-time -D_FORTIFY_SOURCE=2 -DCHECK_FUNCTION_EXISTS=pthread_create -o CMakeFiles/cmTC_2c589.dir/CheckFunctionExists.c.o -c /usr/share/cmake-3.18/Modules/CheckFunctionExists.c
Linking C executable cmTC_2c589
/usr/bin/cmake -E cmake_link_script CMakeFiles/cmTC_2c589.dir/link.txt --verbose=1
/usr/bin/cc -g -O2 -ffile-prefix-map=/root/Downloads/cutefish/kwin-plugins=. -flto=auto -ffat-lto-objects -fstack-protector-strong -Wformat -Werror=format-security -Wdate-time -D_FORTIFY_SOURCE=2 -DCHECK_FUNCTION_EXISTS=pthread_create -Wl,-Bsymbolic-functions -flto=auto -Wl,-z,relro  CMakeFiles/cmTC_2c589.dir/CheckFunctionExists.c.o -o cmTC_2c589  -lpthreads 
/usr/bin/ld: cannot find -lpthreads
collect2: error: ld returned 1 exit status
gmake[3]: *** [CMakeFiles/cmTC_2c589.dir/build.make:106: cmTC_2c589] Error 1
gmake[3]: Leaving directory '/root/Downloads/cutefish/kwin-plugins/obj-x86_64-linux-gnu/CMakeFiles/CMakeTmp'
gmake[2]: *** [Makefile:140: cmTC_2c589/fast] Error 2
gmake[2]: Leaving directory '/root/Downloads/cutefish/kwin-plugins/obj-x86_64-linux-gnu/CMakeFiles/CMakeTmp'



